<?xml version="1.0" encoding="UTF-8"?>
<!-- Generated by org.testng.reporters.JUnitReportReporter -->
<testsuite hostname="Genx-Mac-6.local" failures="0" tests="4" name="Test.dummyApi" time="8.076" errors="0" timestamp="2023-03-01T10:55:08 IST" skipped="0">
  <testcase classname="Test.dummyApi" name="Put" time="0.677"/>
  <system-out/>
  <testcase classname="Test.dummyApi" name="Delete" time="6.238"/>
  <system-out/>
  <testcase classname="Test.dummyApi" name="get" time="0.310"/>
  <system-out/>
  <testcase classname="Test.dummyApi" name="Post" time="0.851"/>
  <system-out/>
</testsuite> <!-- Test.dummyApi -->
