<?xml version="1.0" encoding="UTF-8"?>
<!-- Generated by org.testng.reporters.JUnitReportReporter -->
<testsuite hostname="Genx-Mac-6.local" failures="0" tests="6" name="Test.ewallet_API" time="6.318" errors="0" timestamp="2023-03-01T10:57:48 IST" skipped="0">
  <testcase classname="Test.ewallet_API" name="getV1requestid" time="0.147"/>
  <system-out/>
  <testcase classname="Test.ewallet_API" name="getV1agent" time="5.499"/>
  <system-out/>
  <testcase classname="Test.ewallet_API" name="getV1requestid" time="0.089"/>
  <system-out/>
  <testcase classname="Test.ewallet_API" name="getV1requestid" time="0.190"/>
  <system-out/>
  <testcase classname="Test.ewallet_API" name="getV1requestid" time="0.196"/>
  <system-out/>
  <testcase classname="Test.ewallet_API" name="getV1requestid" time="0.197"/>
  <system-out/>
</testsuite> <!-- Test.ewallet_API -->
